make: brew: Command not found
[0;33mConfiguring WebAssembly build...[0m
Setting up EMSDK environment (suppress these messages with EMSDK_QUIET=1)
Adding directories to PATH:
PATH += /Users/mindaewon/emsdk
PATH += /Users/mindaewon/emsdk/upstream/emscripten

Setting environment variables:
PATH = /Users/mindaewon/emsdk:/Users/mindaewon/emsdk/upstream/emscripten:/opt/homebrew/bin:/usr/local/bin:/usr/bin:/bin:/usr/sbin:/sbin
EMSDK = /Users/mindaewon/emsdk
EMSDK_NODE = /Users/mindaewon/emsdk/node/22.16.0_64bit/bin/node
EMSDK_PYTHON = /Users/mindaewon/emsdk/python/3.13.3_64bit/bin/python3
SSL_CERT_FILE = /Users/mindaewon/emsdk/python/3.13.3_64bit/lib/python3.13/site-packages/certifi/cacert.pem
configure: cmake .. -DCMAKE_TOOLCHAIN_FILE=../cmake/EmscriptenToolchain.cmake -DCMAKE_BUILD_TYPE=Release -DCMAKE_CROSSCOMPILING_EMULATOR=/Users/mindaewon/emsdk/node/22.16.0_64bit/bin/node
-- The CXX compiler identification is Clang 20.0.0
System is unknown to cmake, create:
Platform/Emscripten to use this system, please post your config file on discourse.cmake.org so it can be added to cmake
-- Detecting CXX compiler ABI info
System is unknown to cmake, create:
Platform/Emscripten to use this system, please post your config file on discourse.cmake.org so it can be added to cmake
-- Detecting CXX compiler ABI info - done
-- Check for working CXX compiler: /Users/mindaewon/emsdk/upstream/emscripten/em++ - skipped
-- Detecting CXX compile features
-- Detecting CXX compile features - done
-- Emscripten detected - forcing WebGPU backend
-- --- RHI Backend Configuration ---
-- RHI_BACKEND_VULKAN: OFF
-- RHI_BACKEND_WEBGPU: ON
-- EMSCRIPTEN: 1
-- ---------------------------------
-- Configuring done (2.0s)
CMake Error in CMakeLists.txt:
  The target named "rhi_smoke_test" has C++ sources that may use modules, but
  modules are not supported by this generator:

    Unix Makefiles

  Modules are supported only by Ninja, Ninja Multi-Config, and Visual Studio
  generators for VS 17.4 and newer.  See the cmake-cxxmodules(7) manual for
  details.  Use the CMAKE_CXX_SCAN_FOR_MODULES variable to enable or disable
  scanning.


CMake Error in src/rhi/CMakeLists.txt:
  The target named "rhi_factory" has C++ sources that may use modules, but
  modules are not supported by this generator:

    Unix Makefiles

  Modules are supported only by Ninja, Ninja Multi-Config, and Visual Studio
  generators for VS 17.4 and newer.  See the cmake-cxxmodules(7) manual for
  details.  Use the CMAKE_CXX_SCAN_FOR_MODULES variable to enable or disable
  scanning.


CMake Error in src/rhi-webgpu/CMakeLists.txt:
  The target named "rhi_webgpu" has C++ sources that may use modules, but
  modules are not supported by this generator:

    Unix Makefiles

  Modules are supported only by Ninja, Ninja Multi-Config, and Visual Studio
  generators for VS 17.4 and newer.  See the cmake-cxxmodules(7) manual for
  details.  Use the CMAKE_CXX_SCAN_FOR_MODULES variable to enable or disable
  scanning.


-- Generating done (0.0s)
CMake Generate step failed.  Build files cannot be regenerated correctly.
emcmake: error: 'cmake .. -DCMAKE_TOOLCHAIN_FILE=../cmake/EmscriptenToolchain.cmake -DCMAKE_BUILD_TYPE=Release -DCMAKE_CROSSCOMPILING_EMULATOR=/Users/mindaewon/emsdk/node/22.16.0_64bit/bin/node' failed (returned 1)
[0;32mWASM configuration complete![0m
[0;33mBuilding WebAssembly version...[0m
Setting up EMSDK environment (suppress these messages with EMSDK_QUIET=1)
Adding directories to PATH:
PATH += /Users/mindaewon/emsdk
PATH += /Users/mindaewon/emsdk/upstream/emscripten

Setting environment variables:
PATH = /Users/mindaewon/emsdk:/Users/mindaewon/emsdk/upstream/emscripten:/opt/homebrew/bin:/usr/local/bin:/usr/bin:/bin:/usr/sbin:/sbin
EMSDK = /Users/mindaewon/emsdk
EMSDK_NODE = /Users/mindaewon/emsdk/node/22.16.0_64bit/bin/node
EMSDK_PYTHON = /Users/mindaewon/emsdk/python/3.13.3_64bit/bin/python3
SSL_CERT_FILE = /Users/mindaewon/emsdk/python/3.13.3_64bit/lib/python3.13/site-packages/certifi/cacert.pem
make: make -j8
[  5%] Building CXX object src/rhi-webgpu/CMakeFiles/rhi_webgpu.dir/src/WebGPUCommon.cpp.obj
[ 10%] Building CXX object src/rhi-webgpu/CMakeFiles/rhi_webgpu.dir/src/WebGPURHIDevice.cpp.obj
[ 21%] Building CXX object src/rhi-webgpu/CMakeFiles/rhi_webgpu.dir/src/WebGPURHIQueue.cpp.obj
[ 21%] Building CXX object src/rhi-webgpu/CMakeFiles/rhi_webgpu.dir/src/WebGPURHITexture.cpp.obj
[ 31%] Building CXX object src/rhi-webgpu/CMakeFiles/rhi_webgpu.dir/src/WebGPURHISync.cpp.obj
[ 31%] Building CXX object src/rhi-webgpu/CMakeFiles/rhi_webgpu.dir/src/WebGPURHIBuffer.cpp.obj
[ 36%] Building CXX object src/rhi-webgpu/CMakeFiles/rhi_webgpu.dir/src/WebGPURHIShader.cpp.obj
[ 42%] Building CXX object src/rhi-webgpu/CMakeFiles/rhi_webgpu.dir/src/WebGPURHISampler.cpp.obj
[ 47%] Building CXX object src/rhi-webgpu/CMakeFiles/rhi_webgpu.dir/src/WebGPURHIBindGroup.cpp.obj
[ 52%] Building CXX object src/rhi-webgpu/CMakeFiles/rhi_webgpu.dir/src/WebGPURHIPipeline.cpp.obj
[ 57%] Building CXX object src/rhi-webgpu/CMakeFiles/rhi_webgpu.dir/src/WebGPURHICommandEncoder.cpp.obj
[ 63%] Building CXX object src/rhi-webgpu/CMakeFiles/rhi_webgpu.dir/src/WebGPURHISwapchain.cpp.obj
[ 68%] Building CXX object src/rhi-webgpu/CMakeFiles/rhi_webgpu.dir/src/WebGPURHICapabilities.cpp.obj
[ 73%] Linking CXX static library librhi_webgpu.a
warning: /Library/Developer/CommandLineTools/usr/bin/ranlib: archive library: librhi_webgpu.a the table of contents is empty (no object file members in the library define global symbols)
[ 73%] Built target rhi_webgpu
[ 78%] Building CXX object src/rhi/CMakeFiles/rhi_factory.dir/src/RHIFactory.cpp.obj
[ 84%] Linking CXX static library librhi_factory.a
warning: /Library/Developer/CommandLineTools/usr/bin/ranlib: archive library: librhi_factory.a the table of contents is empty (no object file members in the library define global symbols)
[ 84%] Built target rhi_factory
[ 94%] Building CXX object CMakeFiles/rhi_smoke_test.dir/tests/rhi_smoke_test.cpp.obj
[ 94%] Building CXX object CMakeFiles/rhi_smoke_test.dir/src/rendering/RendererBridge.cpp.obj
[100%] Linking CXX executable rhi_smoke_test.html
cache:INFO: generating system asset: symbol_lists/c0824ab2d77bdf09fb3285e7eea34f4d6af77d53.json... (this will be cached in "/Users/mindaewon/emsdk/upstream/emscripten/cache/symbol_lists/c0824ab2d77bdf09fb3285e7eea34f4d6af77d53.json" for subsequent builds)
cache:INFO:  - ok
wasm-ld: error: WebGPUCommon.cpp.obj: section too large
em++: error: '/Users/mindaewon/emsdk/upstream/bin/wasm-ld -o rhi_smoke_test.wasm -L/Users/mindaewon/emsdk/upstream/emscripten/cache/sysroot/lib/wasm32-emscripten CMakeFiles/rhi_smoke_test.dir/tests/rhi_smoke_test.cpp.obj CMakeFiles/rhi_smoke_test.dir/src/rendering/RendererBridge.cpp.obj src/rhi/librhi_factory.a src/rhi-webgpu/librhi_webgpu.a -lGL-getprocaddr -lal -lhtml5 -lstubs -lnoexit -lc -ldlmalloc -lcompiler_rt -lc++-noexcept -lc++abi-noexcept -lsockets -lwebgpu -lwebgpu_cpp -mllvm -combiner-global-alias-analysis=false -mllvm -enable-emscripten-sjlj -mllvm -disable-lsr /var/folders/2z/ss4v5p213wz03skrk54jh1hw0000gn/T/tmpcn2u05pnlibemscripten_js_symbols.so --strip-debug --export=_emscripten_stack_alloc --export=__get_temp_ret --export=__set_temp_ret --export=__wasm_call_ctors --export=emscripten_stack_get_current --export=_emscripten_stack_restore --export-if-defined=__start_em_asm --export-if-defined=__stop_em_asm --export-if-defined=__start_em_lib_deps --export-if-defined=__stop_em_lib_deps --export-if-defined=__start_em_js --export-if-defined=__stop_em_js --export-if-defined=main --export-if-defined=__main_argc_argv --export-table -z stack-size=5242880 --max-memory=4294967296 --initial-memory=33554432 --no-entry --table-base=1 --global-base=1024' failed (returned 1)
make[3]: *** [rhi_smoke_test.html] Error 1
make[2]: *** [CMakeFiles/rhi_smoke_test.dir/all] Error 2
make[1]: *** [all] Error 2
emmake: error: 'make -j8' failed (returned 2)
make: *** [build-wasm] Error 1
